Determining if the pthread_create exist failed with the following output:
Change Dir: /home/INTRANET/juliano/myfiles/finalproject/build/CMakeFiles/CMakeTmp

Run Build Command:"/usr/bin/make" "cmTryCompileExec1494692349/fast"
/usr/bin/make -f CMakeFiles/cmTryCompileExec1494692349.dir/build.make CMakeFiles/cmTryCompileExec1494692349.dir/build
make[1]: Entering directory `/home/INTRANET/juliano/myfiles/finalproject/build/CMakeFiles/CMakeTmp'
/usr/local/bin/cmake -E cmake_progress_report /home/INTRANET/juliano/myfiles/finalproject/build/CMakeFiles/CMakeTmp/CMakeFiles 1
Building C object CMakeFiles/cmTryCompileExec1494692349.dir/CheckSymbolExists.c.o
/usr/bin/cc    -o CMakeFiles/cmTryCompileExec1494692349.dir/CheckSymbolExists.c.o   -c /home/INTRANET/juliano/myfiles/finalproject/build/CMakeFiles/CMakeTmp/CheckSymbolExists.c
Linking C executable cmTryCompileExec1494692349
/usr/local/bin/cmake -E cmake_link_script CMakeFiles/cmTryCompileExec1494692349.dir/link.txt --verbose=1
/usr/bin/cc       CMakeFiles/cmTryCompileExec1494692349.dir/CheckSymbolExists.c.o  -o cmTryCompileExec1494692349 -rdynamic 
CMakeFiles/cmTryCompileExec1494692349.dir/CheckSymbolExists.c.o: In function `main':
CheckSymbolExists.c:(.text+0x16): undefined reference to `pthread_create'
collect2: error: ld returned 1 exit status
make[1]: *** [cmTryCompileExec1494692349] Error 1
make[1]: Leaving directory `/home/INTRANET/juliano/myfiles/finalproject/build/CMakeFiles/CMakeTmp'
make: *** [cmTryCompileExec1494692349/fast] Error 2

File /home/INTRANET/juliano/myfiles/finalproject/build/CMakeFiles/CMakeTmp/CheckSymbolExists.c:
/* */
#include <pthread.h>

int main(int argc, char** argv)
{
  (void)argv;
#ifndef pthread_create
  return ((int*)(&pthread_create))[argc];
#else
  (void)argc;
  return 0;
#endif
}

Determining if the pthread_create exist failed with the following output:
Change Dir: /home/INTRANET/juliano/myfiles/cppcourse-brunel/build/CMakeFiles/CMakeTmp

Run Build Command:"/usr/bin/make" "cmTryCompileExec2847753887/fast"
/usr/bin/make -f CMakeFiles/cmTryCompileExec2847753887.dir/build.make CMakeFiles/cmTryCompileExec2847753887.dir/build
make[1]: Entering directory `/home/INTRANET/juliano/myfiles/cppcourse-brunel/build/CMakeFiles/CMakeTmp'
/usr/local/bin/cmake -E cmake_progress_report /home/INTRANET/juliano/myfiles/cppcourse-brunel/build/CMakeFiles/CMakeTmp/CMakeFiles 1
Building C object CMakeFiles/cmTryCompileExec2847753887.dir/CheckSymbolExists.c.o
/usr/bin/cc    -o CMakeFiles/cmTryCompileExec2847753887.dir/CheckSymbolExists.c.o   -c /home/INTRANET/juliano/myfiles/cppcourse-brunel/build/CMakeFiles/CMakeTmp/CheckSymbolExists.c
Linking C executable cmTryCompileExec2847753887
/usr/local/bin/cmake -E cmake_link_script CMakeFiles/cmTryCompileExec2847753887.dir/link.txt --verbose=1
/usr/bin/cc       CMakeFiles/cmTryCompileExec2847753887.dir/CheckSymbolExists.c.o  -o cmTryCompileExec2847753887 -rdynamic 
CMakeFiles/cmTryCompileExec2847753887.dir/CheckSymbolExists.c.o: In function `main':
CheckSymbolExists.c:(.text+0x16): undefined reference to `pthread_create'
collect2: error: ld returned 1 exit status
make[1]: *** [cmTryCompileExec2847753887] Error 1
make[1]: Leaving directory `/home/INTRANET/juliano/myfiles/cppcourse-brunel/build/CMakeFiles/CMakeTmp'
make: *** [cmTryCompileExec2847753887/fast] Error 2

File /home/INTRANET/juliano/myfiles/cppcourse-brunel/build/CMakeFiles/CMakeTmp/CheckSymbolExists.c:
/* */
#include <pthread.h>

int main(int argc, char** argv)
{
  (void)argv;
#ifndef pthread_create
  return ((int*)(&pthread_create))[argc];
#else
  (void)argc;
  return 0;
#endif
}

